动态库的符号地址
00000000001abc38 g     F .init	0000000000000000              _init
00000000001abc38 l    d  .init	0000000000000000              .init
00000000001abc60 l    d  .plt	0000000000000000              .plt
00000000001d85e0 l    d  .text	0000000000000000              .text
00000000001d85e0 l     F .text	0000000000000000              deregister_tm_clones
00000000001d8610 l     F .text	0000000000000000              register_tm_clones
00000000001d8650 l     F .text	0000000000000000              __do_global_dtors_aux
00000000001d8690 l     F .text	0000000000000000              frame_dummy
00000000001d86c5 g     F .text	0000000000000031              _Z19xunbao_raid_ai_tickP11raid_struct
00000000001d86f6 l     F .text	0000000000000035              _ZL19xunbao_raid_ai_initP11raid_structP13player_struct
00000000001d872b g     F .text	00000000000000da              _Z23xunbao_raid_ai_finishedP11raid_struct
00000000001d8805 l     F .text	0000000000000125              _ZL27xunbao_raid_ai_player_enterP11raid_structP13player_struct

=================================================================================================================================================
00400000-00562000 r-xp 00000000 08:02 27009499                           /home/jacktang/svnroot/Server/game_srv/game_srv
00761000-00762000 r--p 00161000 08:02 27009499                           /home/jacktang/svnroot/Server/game_srv/game_srv
00762000-00763000 rw-p 00162000 08:02 27009499                           /home/jacktang/svnroot/Server/game_srv/game_srv
00763000-00c09000 rw-p 00000000 00:00 0 
01a89000-057f6000 rw-p 00000000 00:00 0                                  [heap]
7f7f6a7b7000-7f7f6a916000 r-xp 00000000 08:02 27009486                   /home/jacktang/svnroot/Server/proto/libproto.so
7f7f6a916000-7f7f6ab15000 ---p 0015f000 08:02 27009486                   /home/jacktang/svnroot/Server/proto/libproto.so
7f7f6ab15000-7f7f6ab59000 r--p 0015e000 08:02 27009486                   /home/jacktang/svnroot/Server/proto/libproto.so
7f7f6ab59000-7f7f6ab63000 rw-p 001a2000 08:02 27009486                   /home/jacktang/svnroot/Server/proto/libproto.so
7f7f6ab63000-7f7f6b006000 r-xp 00000000 08:02 27009511                   /home/jacktang/svnroot/Server/game_srv/so_game_srv/libgamesrv.so
7f7f6b006000-7f7f6b206000 ---p 004a3000 08:02 27009511                   /home/jacktang/svnroot/Server/game_srv/so_game_srv/libgamesrv.so
7f7f6b206000-7f7f6b209000 r--p 004a3000 08:02 27009511                   /home/jacktang/svnroot/Server/game_srv/so_game_srv/libgamesrv.so
7f7f6b209000-7f7f6b222000 rw-p 004a6000 08:02 27009511                   /home/jacktang/svnroot/Server/game_srv/so_game_srv/libgamesrv.so
7f7f6b222000-7f7f6b677000 rw-p 00000000 00:00 0 
=================================================================================================================================================
a:   7f7f6 ab63000-7f7f6 b006000 r-xp 00000000 08:02 27009511                   /home/jacktang/svnroot/Server/game_srv/so_game_srv/libgamesrv.so
b:   7f7f6 b006000-7f7f6 b206000 ---p 004a3000 08:02 27009511                   /home/jacktang/svnroot/Server/game_srv/so_game_srv/libgamesrv.so
c:   7f7f6 b206000-7f7f6 b209000 r--p 004a3000 08:02 27009511                   /home/jacktang/svnroot/Server/game_srv/so_game_srv/libgamesrv.so
d:   7f7f6 b209000-7f7f6 b222000 rw-p 004a6000 08:02 27009511                   /home/jacktang/svnroot/Server/game_srv/so_game_srv/libgamesrv.so
e:   7f7f6 b222000-7f7f6 b677000 rw-p 00000000 00:00 0 

=================================================================================================================================================
动态库中static函数
static int handle_shop_buy_request
0x7f7f6 af0290f     ===>  a
objdump -t game_srv/so_game_srv/libgamesrv.so  | grep handle_shop_buy_request
000000000039f90f l     F .text	00000000000008d0              _ZL23handle_shop_buy_requestP13player_structP11extern_data
000000000039f90f 就是到a起始地址的偏移

动态库中非static函数
int check_can_add_chengjie_task
0x7f7f6 af10902     ===>  a
断点则额外有个plt地址
0x00007f7f6ad12680 <check_can_add_chengjie_task(player_struct*, unsigned int, unsigned long, unsigned int)@plt>
objdump -t game_srv/so_game_srv/libgamesrv.so  | grep check_can_add_chengjie_task
00000000003ad902 g     F .text	0000000000000204              _Z27check_can_add_chengjie_taskP13player_structjmj
00000000003ad902 就是到a起始地址的偏移

动态库中的static变量
static int cur_closed_array;
0x7f7f6 b535a80   ===> e
objdump -t game_srv/so_game_srv/libgamesrv.so  | grep cur_closed_array
00000000009d2a80 l     O .bss	0000000000000004              _ZL16cur_closed_array
变量在e地址段，00000000009d2a80是到a起始地址的偏移

动态库中的非static变量
GameHandleMap   m_game_handle_map;
0x7f7f6 b535aa0   ===>  e
objdump -t game_srv/so_game_srv/libgamesrv.so  | grep m_game_handle_map
00000000009d2aa0 g     O .bss	0000000000000030              m_game_handle_map
变量在e地址段，00000000009d2aa0是到a起始地址的偏移

动态库中的static常量
static const int AWARD_QUESTION_ACTIVE_ID = 330100008;
0x7f7f6 af671ec   ===>  a


动态库中的非static常量
const int MAX_HORSE_ATTR_NUM = 4;
0x7f7f6 af771a4   ===> a

